<?xml version="1.0" encoding="UTF-8"?>
<testng-results skipped="0" failed="0" total="1" passed="1">
  <reporter-output>
  </reporter-output>
  <suite name="Default suite" duration-ms="32744" started-at="2018-02-08T05:13:12Z" finished-at="2018-02-08T05:13:45Z">
    <groups>
    </groups>
    <test name="Default test" duration-ms="32744" started-at="2018-02-08T05:13:12Z" finished-at="2018-02-08T05:13:45Z">
      <class name="stocks.CheckStock">
        <test-method status="PASS" signature="accessStocksPage()[pri:0, instance:stocks.CheckStock@5d5eef3d]" name="accessStocksPage" is-config="true" duration-ms="2427" started-at="2018-02-07T21:13:12Z" finished-at="2018-02-07T21:13:15Z">
          <reporter-output>
          </reporter-output>
        </test-method> <!-- accessStocksPage -->
        <test-method status="PASS" signature="searchStock()[pri:0, instance:stocks.CheckStock@5d5eef3d]" name="searchStock" duration-ms="25197" started-at="2018-02-07T21:13:15Z" finished-at="2018-02-07T21:13:40Z">
          <reporter-output>
          </reporter-output>
        </test-method> <!-- searchStock -->
        <test-method status="PASS" signature="cleanUP()[pri:0, instance:stocks.CheckStock@5d5eef3d]" name="cleanUP" is-config="true" duration-ms="5111" started-at="2018-02-07T21:13:40Z" finished-at="2018-02-07T21:13:45Z">
          <reporter-output>
          </reporter-output>
        </test-method> <!-- cleanUP -->
      </class> <!-- stocks.CheckStock -->
    </test> <!-- Default test -->
  </suite> <!-- Default suite -->
</testng-results>
